This file contains any messages produced by compilers while
running configure, to aid debugging if configure makes a mistake.

configure:634: checking for a BSD compatible install
configure:687: checking whether build environment is sane
configure:744: checking whether make sets ${MAKE}
configure:783: checking for working aclocal
configure:796: checking for working autoconf
configure:809: checking for working automake
configure:822: checking for working autoheader
configure:835: checking for working makeinfo
configure:951: checking host system type
configure:972: checking build system type
configure:992: checking for ranlib
configure:1022: checking for gcc
configure:1135: checking whether the C compiler (gcc  ) works
configure:1151: gcc -o conftest    conftest.c  1>&5
configure:1148:1: warning: return type defaults to 'int' [-Wimplicit-int]
 1148 | main(){return(0);}
      | ^~~~
configure:1177: checking whether the C compiler (gcc  ) is a cross-compiler
configure:1182: checking whether we are using GNU C
configure:1191: gcc -E conftest.c
configure:1210: checking whether gcc accepts -g
configure:1253: checking for ld used by GCC
configure:1315: checking if the linker (/usr/bin/ld) is GNU ld
GNU ld (GNU Binutils for Ubuntu) 2.34
configure:1331: checking for BSD-compatible nm
configure:1367: checking whether ln -s works
ltconfig:603: checking for object suffix
ltconfig:604: gcc -c -g -O2  conftest.c 1>&5
ltconfig:629: checking for executable suffix
ltconfig:630: gcc -o conftest -g -O2   conftest.c  1>&5
conftest.c:1:1: warning: return type defaults to 'int' [-Wimplicit-int]
    1 | main () { return 0; }
      | ^~~~
ltconfig:776: checking if gcc PIC flag -fPIC works
ltconfig:777: gcc -c -g -O2 -fPIC -DPIC  conftest.c 1>&5
ltconfig:829: checking if gcc supports -c -o file.o
ltconfig:830: gcc -c -g -O2 -o out/conftest2.o  conftest.c 1>&5
ltconfig:862: checking if gcc supports -c -o file.lo
ltconfig:863: gcc -c -g -O2 -c -o conftest.lo  conftest.c 1>&5
ltconfig:914: checking if gcc supports -fno-rtti -fno-exceptions
ltconfig:915: gcc -c -g -O2 -fno-rtti -fno-exceptions -c conftest.c  conftest.c 1>&5
ltconfig:958: checking if gcc static flag -static works
ltconfig:959: gcc -o conftest -g -O2   -static conftest.c  1>&5
conftest.c:1:1: warning: return type defaults to 'int' [-Wimplicit-int]
    1 | main(){return(0);}
      | ^~~~
GNU ld (GNU Binutils for Ubuntu) 2.34
ltconfig:1635: checking if global_symbol_pipe works
ltconfig:1636: gcc -c -g -O2  conftest.c 1>&5
conftest.c:9:1: warning: return type defaults to 'int' [-Wimplicit-int]
    9 | main(){nm_test_var='a';nm_test_func();return(0);}
      | ^~~~
ltconfig:1639: eval "/usr/bin/nm -B conftest.o | sed -n -e 's/^.*[ 	]\([ABCDGISTW]\)[ 	][ 	]*\(\)\([_A-Za-z][_A-Za-z0-9]*\)$/  /p' > conftest.nm"
ltconfig:1691: gcc -o conftest -g -O2 -fno-builtin   conftest.c conftstm.o 1>&5
configure:1553: checking whether to enable maintainer-specific portions of Makefiles
configure:1583: checking host system type
configure:1653: checking whether to enable memory checking
configure:1667: checking whether to enable memory profiling
configure:1715: checking for gcc
configure:1828: checking whether the C compiler (gcc -g -O2 ) works
configure:1844: gcc -o conftest -g -O2   conftest.c  1>&5
configure:1841:1: warning: return type defaults to 'int' [-Wimplicit-int]
 1841 | main(){return(0);}
      | ^~~~
configure:1870: checking whether the C compiler (gcc -g -O2 ) is a cross-compiler
configure:1875: checking whether we are using GNU C
configure:1903: checking whether gcc accepts -g
configure:1938: checking for gcc option to accept ANSI C
configure:1991: gcc  -c -g -O2  conftest.c 1>&5
configure:2026: checking for a BSD compatible install
configure:2099: checking for extra flags to get ANSI library prototypes
configure:2111: gcc -o conftest -g -O2 -Wall   conftest.c  -lm 1>&5
configure:2152: checking for extra flags for POSIX compliance
configure:2161: gcc -c -g -O2 -Wall  conftest.c 1>&5
configure: In function 'main':
configure:2157:6: warning: unused variable 'dir' [-Wunused-variable]
 2157 | DIR *dir;
      |      ^~~
configure:2195: checking how to run the C preprocessor
configure:2216: gcc -E  conftest.c >/dev/null 2>conftest.out
configure:2275: checking for ANSI C header files
configure:2288: gcc -E  conftest.c >/dev/null 2>conftest.out
configure:2355: gcc -o conftest -g -O2 -Wall   conftest.c  1>&5
configure: In function 'main':
configure:2350:67: warning: implicit declaration of function 'exit' [-Wimplicit-function-declaration]
 2350 | if (XOR (islower (i), ISLOWER (i)) || toupper (i) != TOUPPER (i)) exit(2);
      |                                                                   ^~~~
configure:2350:67: warning: incompatible implicit declaration of built-in function 'exit'
configure:2346:1: note: include '<stdlib.h>' or provide a declaration of 'exit'
 2345 | #include <ctype.h>
  +++ |+#include <stdlib.h>
 2346 | #define ISLOWER(c) ('a' <= (c) && (c) <= 'z')
configure:2351:1: warning: incompatible implicit declaration of built-in function 'exit'
 2351 | exit (0); }
      | ^~~~
configure:2351:1: note: include '<stdlib.h>' or provide a declaration of 'exit'
configure:2381: checking for vprintf
configure:2409: gcc -o conftest -g -O2 -Wall   conftest.c  1>&5
configure:2393:6: warning: conflicting types for built-in function 'vprintf'; expected 'int(const char *, __va_list_tag *)' [-Wbuiltin-declaration-mismatch]
 2393 | char vprintf();
      |      ^~~~~~~
configure:2390:1: note: 'vprintf' is declared in header '<stdio.h>'
 2389 | #include <assert.h>
  +++ |+#include <stdio.h>
 2390 | /* Override any gcc2 internal prototype to avoid an error.  */
configure:2489: checking for atexit
configure:2517: gcc -o conftest -g -O2 -Wall   conftest.c  1>&5
configure:2489: checking for on_exit
configure:2517: gcc -o conftest -g -O2 -Wall   conftest.c  1>&5
configure:2543: checking size of char
configure:2562: gcc -o conftest -g -O2 -Wall   conftest.c  1>&5
configure:2553:1: warning: return type defaults to 'int' [-Wimplicit-int]
 2553 | main()
      | ^~~~
configure: In function 'main':
configure:2556:11: warning: implicit declaration of function 'exit' [-Wimplicit-function-declaration]
 2556 |   if (!f) exit(1);
      |           ^~~~
configure:2556:11: warning: incompatible implicit declaration of built-in function 'exit'
configure:2553:1: note: include '<stdlib.h>' or provide a declaration of 'exit'
 2552 | #include <stdio.h>
  +++ |+#include <stdlib.h>
 2553 | main()
configure:2557:14: warning: format '%d' expects argument of type 'int', but argument 3 has type 'long unsigned int' [-Wformat=]
 2557 |   fprintf(f, "%d\n", sizeof(char));
      |              ^~~~~~  ~~~~~~~~~~~~
      |                      |
      |                      long unsigned int
configure:2558:3: warning: incompatible implicit declaration of built-in function 'exit'
 2558 |   exit(0);
      |   ^~~~
configure:2558:3: note: include '<stdlib.h>' or provide a declaration of 'exit'
configure:2582: checking size of short
configure:2601: gcc -o conftest -g -O2 -Wall   conftest.c  1>&5
configure:2592:1: warning: return type defaults to 'int' [-Wimplicit-int]
 2592 | main()
      | ^~~~
configure: In function 'main':
configure:2595:11: warning: implicit declaration of function 'exit' [-Wimplicit-function-declaration]
 2595 |   if (!f) exit(1);
      |           ^~~~
configure:2595:11: warning: incompatible implicit declaration of built-in function 'exit'
configure:2592:1: note: include '<stdlib.h>' or provide a declaration of 'exit'
 2591 | #include <stdio.h>
  +++ |+#include <stdlib.h>
 2592 | main()
configure:2596:14: warning: format '%d' expects argument of type 'int', but argument 3 has type 'long unsigned int' [-Wformat=]
 2596 |   fprintf(f, "%d\n", sizeof(short));
      |              ^~~~~~  ~~~~~~~~~~~~~
      |                      |
      |                      long unsigned int
configure:2597:3: warning: incompatible implicit declaration of built-in function 'exit'
 2597 |   exit(0);
      |   ^~~~
configure:2597:3: note: include '<stdlib.h>' or provide a declaration of 'exit'
configure:2621: checking size of long
configure:2640: gcc -o conftest -g -O2 -Wall   conftest.c  1>&5
configure:2631:1: warning: return type defaults to 'int' [-Wimplicit-int]
 2631 | main()
      | ^~~~
configure: In function 'main':
configure:2634:11: warning: implicit declaration of function 'exit' [-Wimplicit-function-declaration]
 2634 |   if (!f) exit(1);
      |           ^~~~
configure:2634:11: warning: incompatible implicit declaration of built-in function 'exit'
configure:2631:1: note: include '<stdlib.h>' or provide a declaration of 'exit'
 2630 | #include <stdio.h>
  +++ |+#include <stdlib.h>
 2631 | main()
configure:2635:14: warning: format '%d' expects argument of type 'int', but argument 3 has type 'long unsigned int' [-Wformat=]
 2635 |   fprintf(f, "%d\n", sizeof(long));
      |              ^~~~~~  ~~~~~~~~~~~~
      |                      |
      |                      long unsigned int
configure:2636:3: warning: incompatible implicit declaration of built-in function 'exit'
 2636 |   exit(0);
      |   ^~~~
configure:2636:3: note: include '<stdlib.h>' or provide a declaration of 'exit'
configure:2660: checking size of int
configure:2679: gcc -o conftest -g -O2 -Wall   conftest.c  1>&5
configure:2670:1: warning: return type defaults to 'int' [-Wimplicit-int]
 2670 | main()
      | ^~~~
configure: In function 'main':
configure:2673:11: warning: implicit declaration of function 'exit' [-Wimplicit-function-declaration]
 2673 |   if (!f) exit(1);
      |           ^~~~
configure:2673:11: warning: incompatible implicit declaration of built-in function 'exit'
configure:2670:1: note: include '<stdlib.h>' or provide a declaration of 'exit'
 2669 | #include <stdio.h>
  +++ |+#include <stdlib.h>
 2670 | main()
configure:2674:14: warning: format '%d' expects argument of type 'int', but argument 3 has type 'long unsigned int' [-Wformat=]
 2674 |   fprintf(f, "%d\n", sizeof(int));
      |              ^~~~~~  ~~~~~~~~~~~
      |                      |
      |                      long unsigned int
configure:2675:3: warning: incompatible implicit declaration of built-in function 'exit'
 2675 |   exit(0);
      |   ^~~~
configure:2675:3: note: include '<stdlib.h>' or provide a declaration of 'exit'
configure:2699: checking size of void *
configure:2718: gcc -o conftest -g -O2 -Wall   conftest.c  1>&5
configure:2709:1: warning: return type defaults to 'int' [-Wimplicit-int]
 2709 | main()
      | ^~~~
configure: In function 'main':
configure:2712:11: warning: implicit declaration of function 'exit' [-Wimplicit-function-declaration]
 2712 |   if (!f) exit(1);
      |           ^~~~
configure:2712:11: warning: incompatible implicit declaration of built-in function 'exit'
configure:2709:1: note: include '<stdlib.h>' or provide a declaration of 'exit'
 2708 | #include <stdio.h>
  +++ |+#include <stdlib.h>
 2709 | main()
configure:2713:14: warning: format '%d' expects argument of type 'int', but argument 3 has type 'long unsigned int' [-Wformat=]
 2713 |   fprintf(f, "%d\n", sizeof(void *));
      |              ^~~~~~  ~~~~~~~~~~~~~~
      |                      |
      |                      long unsigned int
configure:2714:3: warning: incompatible implicit declaration of built-in function 'exit'
 2714 |   exit(0);
      |   ^~~~
configure:2714:3: note: include '<stdlib.h>' or provide a declaration of 'exit'
configure:2738: checking size of long long
configure:2757: gcc -o conftest -g -O2 -Wall   conftest.c  1>&5
configure:2748:1: warning: return type defaults to 'int' [-Wimplicit-int]
 2748 | main()
      | ^~~~
configure: In function 'main':
configure:2751:11: warning: implicit declaration of function 'exit' [-Wimplicit-function-declaration]
 2751 |   if (!f) exit(1);
      |           ^~~~
configure:2751:11: warning: incompatible implicit declaration of built-in function 'exit'
configure:2748:1: note: include '<stdlib.h>' or provide a declaration of 'exit'
 2747 | #include <stdio.h>
  +++ |+#include <stdlib.h>
 2748 | main()
configure:2752:14: warning: format '%d' expects argument of type 'int', but argument 3 has type 'long unsigned int' [-Wformat=]
 2752 |   fprintf(f, "%d\n", sizeof(long long));
      |              ^~~~~~  ~~~~~~~~~~~~~~~~~
      |                      |
      |                      long unsigned int
configure:2753:3: warning: incompatible implicit declaration of built-in function 'exit'
 2753 |   exit(0);
      |   ^~~~
configure:2753:3: note: include '<stdlib.h>' or provide a declaration of 'exit'
configure:2778: checking for working const
configure:2832: gcc -c -g -O2 -Wall  conftest.c 1>&5
configure: In function 'main':
configure:2806:15: warning: unused variable 's' [-Wunused-variable]
 2806 |   char const *s = 0 ? (char *) 0 : (char const *) 0;
      |               ^
configure:2826:13: warning: unused variable 'foo' [-Wunused-variable]
 2826 |   const int foo = 10;
      |             ^~~
configure:2794:27: warning: unused variable 'zero' [-Wunused-variable]
 2794 | static struct point const zero = {0,0};
      |                           ^~~~
configure:2788:39: warning: unused variable 'x' [-Wunused-variable]
 2788 | typedef int charset[2]; const charset x;
      |                                       ^
configure:2808:5: warning: 't' is used uninitialized in this function [-Wuninitialized]
 2808 |   *t++ = 0;
      |    ~^~
configure:2823:21: warning: 'b' is used uninitialized in this function [-Wuninitialized]
 2823 |   struct s *b; b->j = 5;
      |                ~~~~~^~~
configure:2854: checking for __inline
configure:2870: gcc -o conftest -g -O2 -Wall   conftest.c  1>&5
configure:2895: checking for __inline__
configure:2911: gcc -o conftest -g -O2 -Wall   conftest.c  1>&5
configure:2936: checking for inline
configure:2952: gcc -o conftest -g -O2 -Wall   conftest.c  1>&5
configure:2978: checking whether byte ordering is bigendian
configure:2996: gcc -c -g -O2 -Wall  conftest.c 1>&5
configure:3011: gcc -c -g -O2 -Wall  conftest.c 1>&5
configure: In function 'main':
configure:3006:2: error: unknown type name 'not'; did you mean 'ino_t'?
 3006 |  not big endian
      |  ^~~
      |  ino_t
configure:3006:10: error: expected '=', ',', ';', 'asm' or '__attribute__' before 'endian'
 3006 |  not big endian
      |          ^~~~~~
configure: failed program was:
#line 3000 "configure"
#include "confdefs.h"
#include <sys/types.h>
#include <sys/param.h>
int main() {

#if BYTE_ORDER != BIG_ENDIAN
 not big endian
#endif
; return 0; }
configure:3072: checking for float.h
configure:3082: gcc -E  conftest.c >/dev/null 2>conftest.out
configure:3115: checking for limits.h
configure:3125: gcc -E  conftest.c >/dev/null 2>conftest.out
configure:3158: checking for pwd.h
configure:3168: gcc -E  conftest.c >/dev/null 2>conftest.out
configure:3201: checking for sys/param.h
configure:3211: gcc -E  conftest.c >/dev/null 2>conftest.out
configure:3244: checking for sys/poll.h
configure:3254: gcc -E  conftest.c >/dev/null 2>conftest.out
configure:3287: checking for sys/select.h
configure:3297: gcc -E  conftest.c >/dev/null 2>conftest.out
configure:3330: checking for sys/time.h
configure:3340: gcc -E  conftest.c >/dev/null 2>conftest.out
configure:3373: checking for sys/times.h
configure:3383: gcc -E  conftest.c >/dev/null 2>conftest.out
configure:3416: checking for unistd.h
configure:3426: gcc -E  conftest.c >/dev/null 2>conftest.out
configure:3459: checking for values.h
configure:3469: gcc -E  conftest.c >/dev/null 2>conftest.out
configure:3503: checking for lstat
configure:3531: gcc -o conftest -g -O2 -Wall   conftest.c  1>&5
configure:3503: checking for strerror
configure:3531: gcc -o conftest -g -O2 -Wall   conftest.c  1>&5
configure:3503: checking for strsignal
configure:3531: gcc -o conftest -g -O2 -Wall   conftest.c  1>&5
configure:3503: checking for memmove
configure:3531: gcc -o conftest -g -O2 -Wall   conftest.c  1>&5
configure:3515:6: warning: conflicting types for built-in function 'memmove'; expected 'void *(void *, const void *, long unsigned int)' [-Wbuiltin-declaration-mismatch]
 3515 | char $ac_func();
      |      ^~~~~~~
configure:3512:1: note: 'memmove' is declared in header '<string.h>'
 3511 | #include <assert.h>
  +++ |+#include <string.h>
 3512 | /* Override any gcc2 internal prototype to avoid an error.  */
configure:3503: checking for vsnprintf
configure:3531: gcc -o conftest -g -O2 -Wall   conftest.c  1>&5
configure:3515:6: warning: conflicting types for built-in function 'vsnprintf'; expected 'int(char *, long unsigned int,  const char *, __va_list_tag *)' [-Wbuiltin-declaration-mismatch]
 3515 | char $ac_func();
      |      ^~~~~~~~~
configure:3512:1: note: 'vsnprintf' is declared in header '<stdio.h>'
 3511 | #include <assert.h>
  +++ |+#include <stdio.h>
 3512 | /* Override any gcc2 internal prototype to avoid an error.  */
configure:3503: checking for strcasecmp
configure:3531: gcc -o conftest -g -O2 -Wall   conftest.c  1>&5
configure:3515:6: warning: conflicting types for built-in function 'strcasecmp'; expected 'int(const char *, const char *)' [-Wbuiltin-declaration-mismatch]
 3515 | char $ac_func();
      |      ^~~~~~~~~~
configure:3503: checking for strncasecmp
configure:3531: gcc -o conftest -g -O2 -Wall   conftest.c  1>&5
configure:3515:6: warning: conflicting types for built-in function 'strncasecmp'; expected 'int(const char *, const char *, long unsigned int)' [-Wbuiltin-declaration-mismatch]
 3515 | char $ac_func();
      |      ^~~~~~~~~~~
configure:3503: checking for poll
configure:3531: gcc -o conftest -g -O2 -Wall   conftest.c  1>&5
configure:3558: checking for sys_errlist
configure:3571: gcc -o conftest -g -O2 -Wall   conftest.c  1>&5
/usr/bin/ld: /tmp/cc3UP0w6.o: in function `main':
/home/barnold__/Desktop/Projects/Bash/KomodoInstall/downloads/extract_here/glib-1.2.10/configure:3566: warning: `sys_errlist' is deprecated; use `strerror' or `strerror_r' instead
/usr/bin/ld: /home/barnold__/Desktop/Projects/Bash/KomodoInstall/downloads/extract_here/glib-1.2.10/configure:3566: warning: `sys_nerr' is deprecated; use `strerror' or `strerror_r' instead
configure:3591: checking for sys_siglist
configure:3603: gcc -o conftest -g -O2 -Wall   conftest.c  1>&5
configure: In function 'main':
configure:3598:1: warning: implicit declaration of function 'exit' [-Wimplicit-function-declaration]
 3598 | exit (sys_siglist[0]);
      | ^~~~
configure:3598:1: warning: incompatible implicit declaration of built-in function 'exit'
configure:3594:1: note: include '<stdlib.h>' or provide a declaration of 'exit'
 3593 | #include "confdefs.h"
  +++ |+#include <stdlib.h>
 3594 | 
configure:3598:18: warning: passing argument 1 of 'exit' makes integer from pointer without a cast [-Wint-conversion]
 3598 | exit (sys_siglist[0]);
      |       ~~~~~~~~~~~^~~
      |                  |
      |                  char *
configure:3598:18: note: expected 'int' but argument is of type 'char *'
configure:3623: checking for sys_siglist declaration
configure:3634: gcc -c -g -O2 -Wall  conftest.c 1>&5
configure: In function 'main':
configure:3629:1: warning: implicit declaration of function 'strlen' [-Wimplicit-function-declaration]
 3629 | strlen (sys_siglist[0]);
      | ^~~~~~
configure:3629:1: warning: incompatible implicit declaration of built-in function 'strlen'
configure:3627:1: note: include '<string.h>' or provide a declaration of 'strlen'
 3626 | #include <signal.h>
  +++ |+#include <string.h>
 3627 | int main() {
configure:3629:1: warning: statement with no effect [-Wunused-value]
 3629 | strlen (sys_siglist[0]);
      | ^~~~~~~~~~~~~~~~~~~~~~~
configure:3654: checking for fd_set
configure:3663: gcc -c -g -O2 -Wall  conftest.c 1>&5
configure: In function 'main':
configure:3659:18: warning: unused variable 'writeMask' [-Wunused-variable]
 3659 | fd_set readMask, writeMask;
      |                  ^~~~~~~~~
configure:3659:8: warning: unused variable 'readMask' [-Wunused-variable]
 3659 | fd_set readMask, writeMask;
      |        ^~~~~~~~
configure:3711: checking for wchar.h
configure:3718: gcc -E  conftest.c >/dev/null 2>conftest.out
configure:3742: checking for wctype.h
configure:3749: gcc -E  conftest.c >/dev/null 2>conftest.out
configure:3773: checking for iswalnum
configure:3801: gcc -o conftest -g -O2 -Wall   conftest.c  1>&5
configure:3785:6: warning: conflicting types for built-in function 'iswalnum'; expected 'int(unsigned int)' [-Wbuiltin-declaration-mismatch]
 3785 | char iswalnum();
      |      ^~~~~~~~
configure:3782:1: note: 'iswalnum' is declared in header '<wctype.h>'
 3781 | #include <assert.h>
  +++ |+#include <wctype.h>
 3782 | /* Override any gcc2 internal prototype to avoid an error.  */
configure:3870: checking if iswalnum() and friends are properly defined
configure:3892: gcc -o conftest -g -O2 -Wall   conftest.c  1>&5
configure: In function 'main':
configure:3887:1: warning: statement with no effect [-Wunused-value]
 3887 | iswalnum((wchar_t) 0);
      | ^~~~~~~~~~~~~~~~~~~~~
configure:3913: checking whether realloc (NULL,) will work
configure:3930: gcc -o conftest -g -O2 -Wall   conftest.c  1>&5
configure:3955: checking for an implementation of va_copy()
configure:3981: gcc -o conftest -g -O2 -Wall   conftest.c  1>&5
configure: In function 'f':
configure:3972:4: warning: implicit declaration of function 'exit' [-Wimplicit-function-declaration]
 3972 |    exit (1);
      |    ^~~~
configure:3972:4: warning: incompatible implicit declaration of built-in function 'exit'
configure:3967:1: note: include '<stdlib.h>' or provide a declaration of 'exit'
 3966 |  #include <stdarg.h>
  +++ |+#include <stdlib.h>
 3967 |  void f (int i, ...) {
configure:4000: checking for an implementation of __va_copy()
configure:4026: gcc -o conftest -g -O2 -Wall   conftest.c  1>&5
configure: In function 'f':
configure:4017:4: warning: implicit declaration of function 'exit' [-Wimplicit-function-declaration]
 4017 |    exit (1);
      |    ^~~~
configure:4017:4: warning: incompatible implicit declaration of built-in function 'exit'
configure:4012:1: note: include '<stdlib.h>' or provide a declaration of 'exit'
 4011 |  #include <stdarg.h>
  +++ |+#include <stdlib.h>
 4012 |  void f (int i, ...) {
configure:4045: checking whether va_lists can be copied by value
configure:4071: gcc -o conftest -g -O2 -Wall   conftest.c  1>&5
configure: In function 'f':
configure:4060:8: error: assignment to expression with array type
 4060 |  args2 = args1;
      |        ^
configure:4062:4: warning: implicit declaration of function 'exit' [-Wimplicit-function-declaration]
 4062 |    exit (1);
      |    ^~~~
configure:4062:4: warning: incompatible implicit declaration of built-in function 'exit'
configure:4057:1: note: include '<stdlib.h>' or provide a declaration of 'exit'
 4056 |  #include <stdarg.h>
  +++ |+#include <stdlib.h>
 4057 |  void f (int i, ...) {
configure: failed program was:
#line 4054 "configure"
#include "confdefs.h"

	#include <stdarg.h>
	void f (int i, ...) {
	va_list args1, args2;
	va_start (args1, i);
	args2 = args1;
	if (va_arg (args2, int) != 42 || va_arg (args1, int) != 42)
	  exit (1);
	va_end (args1); va_end (args2);
	}
	int main() {
	  f (0, 42);
	  return 0;
	}
configure:4116: checking for dlopen
configure:4144: gcc -o conftest -g -O2 -Wall   conftest.c  1>&5
/usr/bin/ld: /tmp/ccDsfaRK.o: in function `main':
/home/barnold__/Desktop/Projects/Bash/KomodoInstall/downloads/extract_here/glib-1.2.10/configure:4138: undefined reference to `dlopen'
collect2: error: ld returned 1 exit status
configure: failed program was:
#line 4121 "configure"
#include "confdefs.h"
/* System header to define __stub macros and hopefully few prototypes,
    which can conflict with char dlopen(); below.  */
#include <assert.h>
/* Override any gcc2 internal prototype to avoid an error.  */
/* We use char because int might match the return type of a gcc2
    builtin and then its argument prototype would still apply.  */
char dlopen();

int main() {

/* The GNU C library defines this for functions which it implements
    to always fail with ENOSYS.  Some functions are actually named
    something starting with __ and the normal name is an alias.  */
#if defined (__stub_dlopen) || defined (__stub___dlopen)
choke me
#else
dlopen();
#endif

; return 0; }
configure:4215: checking for dlopen in -ldl
configure:4234: gcc -o conftest -g -O2 -Wall   conftest.c -ldl   1>&5
configure:4250: checking for dlsym in -ldl
configure:4269: gcc -o conftest -g -O2 -Wall   conftest.c -ldl   1>&5
configure:4400: checking for RTLD_GLOBAL brokenness
configure:4429: gcc -o conftest -g -O2 -Wall   -rdynamic conftest.c  -ldl 1>&5
configure:4452: checking for preceeding underscore in symbols
configure:4475: gcc -o conftest -g -O2 -Wall   -rdynamic conftest.c  -ldl 1>&5
configure: failed program was:
#line 4461 "configure"
#include "confdefs.h"

		#include <dlfcn.h>
                int glib_underscore_test (void) { return 42; }
		int main() {
		  void *f1 = (void*)0, *f2 = (void*)0, *handle;
		  handle = dlopen ((void*)0, 0);
		  if (handle) {
		    f1 = dlsym (handle, "glib_underscore_test");
		    f2 = dlsym (handle, "_glib_underscore_test");
		  } return (!f2 || f1);
		}
configure:4500: checking for dlerror
configure:4528: gcc -o conftest -g -O2 -Wall   conftest.c  -ldl 1>&5
configure:4658: checking for pthread.h
configure:4668: gcc -E  conftest.c >/dev/null 2>conftest.out
configure:4737: checking for thread implementation
configure:4756: checking for pthread_attr_init in -lpthread
configure:4775: gcc -o conftest -g -O2 -Wall   conftest.c -lpthread   1>&5
configure:5167: checking necessary linker options
configure:5212: checking necessary compiler options
configure:5230: checking for localtime_r
configure:5258: gcc -o conftest -g -O2 -Wall  -D_REENTRANT   conftest.c  1>&5
configure:5230: checking for rand_r
configure:5258: gcc -o conftest -g -O2 -Wall  -D_REENTRANT   conftest.c  1>&5
configure:5284: checking for getpwuid_r
configure:5304: gcc -o conftest -g -O2 -Wall  -D_REENTRANT   conftest.c  1>&5
configure:5329: checking whether getpwuid_r is posix like
configure:5342: gcc -c -g -O2 -Wall  -D_REENTRANT  conftest.c 1>&5
configure: In function 'main':
configure:5338:1: warning: null argument where non-null required (argument 2) [-Wnonnull]
 5338 | getpwuid_r((uid_t)0, NULL, NULL, (size_t)0, NULL);
      | ^~~~~~~~~~
configure:5338:1: warning: null argument where non-null required (argument 3) [-Wnonnull]
configure:5338:1: warning: null argument where non-null required (argument 5) [-Wnonnull]
configure:5361: checking whether pthread_getspecific is posix like
configure:5371: gcc -c -g -O2 -Wall  -D_REENTRANT  conftest.c 1>&5
configure: In function 'main':
configure:5367:1: error: too many arguments to function 'pthread_getspecific'
 5367 | pthread_getspecific(0,NULL);
      | ^~~~~~~~~~~~~~~~~~~
In file included from configure:5365:
/usr/include/pthread.h:1131:14: note: declared here
 1131 | extern void *pthread_getspecific (pthread_key_t __key) __THROW;
      |              ^~~~~~~~~~~~~~~~~~~
configure: failed program was:
#line 5364 "configure"
#include "confdefs.h"
#include <pthread.h>
int main() {
pthread_getspecific(0,NULL);
; return 0; }
configure:5386: checking whether pthread_mutex_trylock is posix like
configure:5399: gcc -o conftest -g -O2 -Wall  -D_REENTRANT   conftest.c  -lpthread 1>&5
configure: failed program was:
#line 5392 "configure"
#include "confdefs.h"
#include <pthread.h>
			pthread_mutex_t mutex = PTHREAD_MUTEX_INITIALIZER;
			int main () { 
			return !pthread_mutex_trylock (&mutex); }
configure:5416: checking whether pthread_cond_timedwait is posix like
configure:5436: gcc -o conftest -g -O2 -Wall  -D_REENTRANT   conftest.c  -lpthread 1>&5
configure: In function 'main':
configure:5427:19: error: storage size of 'tval' isn't known
 5427 |    struct timeval tval;
      |                   ^~~~
configure:5429:4: warning: implicit declaration of function 'gettimeofday' [-Wimplicit-function-declaration]
 5429 |    gettimeofday (&tval, NULL);
      |    ^~~~~~~~~~~~
configure:5427:19: warning: unused variable 'tval' [-Wunused-variable]
 5427 |    struct timeval tval;
      |                   ^~~~
configure: failed program was:
#line 5422 "configure"
#include "confdefs.h"
#include <pthread.h>
			int main () { 
			pthread_mutex_t mutex = PTHREAD_MUTEX_INITIALIZER;
			pthread_cond_t cond = PTHREAD_COND_INITIALIZER;
			struct timeval tval;
			struct timespec tspec;
			gettimeofday (&tval, NULL);
			tspec.tv_sec = tval.tv_sec;
			tspec.tv_nsec = 0;
			return pthread_cond_timedwait (&cond,&mutex,&tspec) 
				!= -1;}
configure:5479: checking size of pthread_mutex_t
configure:5499: gcc -o conftest -g -O2 -Wall  -D_REENTRANT   conftest.c  1>&5
configure:5490:1: warning: return type defaults to 'int' [-Wimplicit-int]
 5490 | main()
      | ^~~~
configure: In function 'main':
configure:5493:11: warning: implicit declaration of function 'exit' [-Wimplicit-function-declaration]
 5493 |   if (!f) exit(1);
      |           ^~~~
configure:5493:11: warning: incompatible implicit declaration of built-in function 'exit'
configure:5490:1: note: include '<stdlib.h>' or provide a declaration of 'exit'
 5489 | #include <$mutex_header_file>
  +++ |+#include <stdlib.h>
 5490 | main()
configure:5494:14: warning: format '%d' expects argument of type 'int', but argument 3 has type 'long unsigned int' [-Wformat=]
 5494 |   fprintf(f, "%d\n", sizeof($mutex_default_type));
      |              ^~~~~~  ~~~~~~~~~~~~~~~~~~~~~~~
      |                      |
      |                      long unsigned int
configure:5495:3: warning: incompatible implicit declaration of built-in function 'exit'
 5495 |   exit(0);
      |   ^~~~
configure:5495:3: note: include '<stdlib.h>' or provide a declaration of 'exit'
configure:5519: checking byte contents of pthread_mutex_t
configure:5544: gcc -o conftest -g -O2 -Wall  -D_REENTRANT   conftest.c  1>&5
configure:5530:1: warning: return type defaults to 'int' [-Wimplicit-int]
 5530 | main()
      | ^~~~
configure: In function 'main':
configure:5536:11: warning: implicit declaration of function 'exit' [-Wimplicit-function-declaration]
 5536 |   if (!f) exit(1);
      |           ^~~~
configure:5536:11: warning: incompatible implicit declaration of built-in function 'exit'
configure:5530:1: note: include '<stdlib.h>' or provide a declaration of 'exit'
 5529 | #include <$mutex_header_file>
  +++ |+#include <stdlib.h>
 5530 | main()
configure:5540:3: warning: incompatible implicit declaration of built-in function 'exit'
 5540 |   exit(0);
      |   ^~~~
configure:5540:3: note: include '<stdlib.h>' or provide a declaration of 'exit'
configure:5580: checking system definitions for POLLIN POLLOUT POLLPRI POLLERR POLLHUP POLLNVAL
configure:5611: gcc -o conftest -g -O2 -Wall  -D_REENTRANT   conftest.c  1>&5
